

Started GET "/" for 127.0.0.1 at 2016-11-30 01:38:51 -0300
  [1m[36mActiveRecord::SchemaMigration Load (125.0ms)[0m  [1mSELECT "schema_migrations".* FROM "schema_migrations"[0m
Processing by HomeController#index as HTML
Completed 401 Unauthorized in 6ms (ActiveRecord: 0.0ms)


Started GET "/users/login" for 127.0.0.1 at 2016-11-30 01:38:54 -0300
Processing by Users::SessionsController#new as HTML
  Rendered devise/sessions/new.html.erb within layouts/login (55.2ms)
Completed 200 OK in 6645ms (Views: 6215.4ms | ActiveRecord: 410.9ms)


Started POST "/users/login" for 127.0.0.1 at 2016-11-30 01:40:32 -0300
Processing by Users::SessionsController#create as HTML
  Parameters: {"utf8"=>"✓", "authenticity_token"=>"LBTB9mdZ4BErS/1WlbR7hIoJNAr+CtKIOy37hr06KST4vmCPtoF6jrB1u5+6pxNAo9PeUDK4XR4GBi0kiomBCw==", "user"=>{"email"=>"admin@admin.com", "password"=>"[FILTERED]", "remember_me"=>"1"}, "commit"=>"Entrar"}
  [1m[35mUser Load (124.4ms)[0m  SELECT  "users".* FROM "users" WHERE "users"."email" = $1  ORDER BY "users"."id" ASC LIMIT 1  [["email", "admin@admin.com"]]
  [1m[36m (122.7ms)[0m  [1mBEGIN[0m
  [1m[35m (127.4ms)[0m  SELECT MAX("espinita_audits"."version") FROM "espinita_audits" WHERE "espinita_audits"."auditable_id" = $1 AND "espinita_audits"."auditable_type" = $2  [["auditable_id", 1], ["auditable_type", "User"]]
  [1m[36mSQL (123.5ms)[0m  [1mINSERT INTO "espinita_audits" ("action", "audited_changes", "auditable_id", "auditable_type", "created_at", "updated_at", "version") VALUES ($1, $2, $3, $4, $5, $6, $7) RETURNING "id"[0m  [["action", "update"], ["audited_changes", "---\n:last_sign_in_at:\n- 2016-06-21 02:25:45.617839000 Z\n- &1 2016-11-26 01:29:10.093443000 Z\n:current_sign_in_at:\n- *1\n- 2016-11-30 04:40:33.059010437 Z\n:last_sign_in_ip:\n- !ruby/object:IPAddr\n  family: 2\n  addr: 3375446914\n  mask_addr: 4294967295\n- !ruby/object:IPAddr\n  family: 2\n  addr: 2130706433\n  mask_addr: 4294967295\n:sign_in_count:\n- 19\n- 20\n"], ["auditable_id", 1], ["auditable_type", "User"], ["created_at", "2016-11-30 04:40:33.483225"], ["updated_at", "2016-11-30 04:40:33.483225"], ["version", 60]]
  [1m[35mSQL (123.4ms)[0m  UPDATE "users" SET "last_sign_in_at" = $1, "current_sign_in_at" = $2, "last_sign_in_ip" = $3, "sign_in_count" = $4, "updated_at" = $5 WHERE "users"."id" = $6  [["last_sign_in_at", "2016-11-26 01:29:10.093443"], ["current_sign_in_at", "2016-11-30 04:40:33.059010"], ["last_sign_in_ip", "127.0.0.1/32"], ["sign_in_count", 20], ["updated_at", "2016-11-30 04:40:33.183351"], ["id", 1]]
  [1m[36m (122.7ms)[0m  [1mCOMMIT[0m
Redirected to http://localhost:3000/
Completed 302 Found in 1977ms (ActiveRecord: 1114.8ms)


Started GET "/" for 127.0.0.1 at 2016-11-30 01:40:34 -0300
  [1m[35mUser Load (122.7ms)[0m  SELECT  "users".* FROM "users" WHERE "users"."id" = $1  ORDER BY "users"."id" ASC LIMIT 1  [["id", 1]]
Processing by HomeController#index as HTML
  Rendered home/index.html.erb within layouts/application (1.2ms)
  Rendered layouts/_menu_top.html.erb (149.3ms)
  [1m[36mSystemVersion Load (122.8ms)[0m  [1mSELECT  "system_versions".* FROM "system_versions"  ORDER BY "system_versions"."id" DESC LIMIT 1[0m
  [1m[35mCACHE (0.0ms)[0m  SELECT  "system_versions".* FROM "system_versions"  ORDER BY "system_versions"."id" DESC LIMIT 1
  Rendered layouts/_rodape.html.erb (382.8ms)
Completed 200 OK in 859ms (Views: 486.0ms | ActiveRecord: 372.7ms)


Started GET "/controle_alocacoes" for 127.0.0.1 at 2016-11-30 01:40:39 -0300
Processing by ControleAlocacoesController#index as HTML
  [1m[36mUser Load (808.8ms)[0m  [1mSELECT  "users".* FROM "users" WHERE "users"."id" = $1  ORDER BY "users"."id" ASC LIMIT 1[0m  [["id", 1]]
  [1m[35m (357.5ms)[0m  SELECT COUNT(DISTINCT "controle_alocacoes"."id") FROM "controle_alocacoes" LEFT OUTER JOIN "colaboradores" ON "colaboradores"."id" = "controle_alocacoes"."entregador_id" LEFT OUTER JOIN "colaboradores" "recebedors_controle_alocacoes" ON "recebedors_controle_alocacoes"."id" = "controle_alocacoes"."recebedor_id" LEFT OUTER JOIN "centro_custos" ON "centro_custos"."id" = "controle_alocacoes"."centro_custo_id" LEFT OUTER JOIN "tipo_alocacoes" ON "tipo_alocacoes"."id" = "controle_alocacoes"."tipo_alocacao_id"
  [1m[36mSQL (135.2ms)[0m  [1mSELECT  "controle_alocacoes"."id" AS t0_r0, "controle_alocacoes"."data_transferencia" AS t0_r1, "controle_alocacoes"."entregador_id" AS t0_r2, "controle_alocacoes"."recebedor_id" AS t0_r3, "controle_alocacoes"."centro_custo_id" AS t0_r4, "controle_alocacoes"."created_at" AS t0_r5, "controle_alocacoes"."updated_at" AS t0_r6, "controle_alocacoes"."tipo_alocacao_id" AS t0_r7, "controle_alocacoes"."endereco" AS t0_r8, "colaboradores"."id" AS t1_r0, "colaboradores"."nome" AS t1_r1, "colaboradores"."cpf" AS t1_r2, "colaboradores"."funcao_id" AS t1_r3, "colaboradores"."data_admissao" AS t1_r4, "colaboradores"."data_demissao" AS t1_r5, "colaboradores"."deleted_at" AS t1_r6, "colaboradores"."created_at" AS t1_r7, "colaboradores"."updated_at" AS t1_r8, "colaboradores"."data_nascimento" AS t1_r9, "recebedors_controle_alocacoes"."id" AS t2_r0, "recebedors_controle_alocacoes"."nome" AS t2_r1, "recebedors_controle_alocacoes"."cpf" AS t2_r2, "recebedors_controle_alocacoes"."funcao_id" AS t2_r3, "recebedors_controle_alocacoes"."data_admissao" AS t2_r4, "recebedors_controle_alocacoes"."data_demissao" AS t2_r5, "recebedors_controle_alocacoes"."deleted_at" AS t2_r6, "recebedors_controle_alocacoes"."created_at" AS t2_r7, "recebedors_controle_alocacoes"."updated_at" AS t2_r8, "recebedors_controle_alocacoes"."data_nascimento" AS t2_r9, "centro_custos"."id" AS t3_r0, "centro_custos"."descricao" AS t3_r1, "centro_custos"."created_at" AS t3_r2, "centro_custos"."updated_at" AS t3_r3, "tipo_alocacoes"."id" AS t4_r0, "tipo_alocacoes"."descricao" AS t4_r1, "tipo_alocacoes"."created_at" AS t4_r2, "tipo_alocacoes"."updated_at" AS t4_r3 FROM "controle_alocacoes" LEFT OUTER JOIN "colaboradores" ON "colaboradores"."id" = "controle_alocacoes"."entregador_id" LEFT OUTER JOIN "colaboradores" "recebedors_controle_alocacoes" ON "recebedors_controle_alocacoes"."id" = "controle_alocacoes"."recebedor_id" LEFT OUTER JOIN "centro_custos" ON "centro_custos"."id" = "controle_alocacoes"."centro_custo_id" LEFT OUTER JOIN "tipo_alocacoes" ON "tipo_alocacoes"."id" = "controle_alocacoes"."tipo_alocacao_id"  ORDER BY "controle_alocacoes"."id" asc LIMIT 10 OFFSET 0[0m
  Rendered controle_alocacoes/_grid.html.erb (6008.1ms)
  Rendered controle_alocacoes/index.html.erb within layouts/application (6009.8ms)
  Rendered layouts/_menu_top.html.erb (3.4ms)
  [1m[35mSystemVersion Load (389.7ms)[0m  SELECT  "system_versions".* FROM "system_versions"  ORDER BY "system_versions"."id" DESC LIMIT 1
  [1m[36mCACHE (0.0ms)[0m  [1mSELECT  "system_versions".* FROM "system_versions"  ORDER BY "system_versions"."id" DESC LIMIT 1[0m
  Rendered layouts/_rodape.html.erb (392.3ms)
Completed 200 OK in 8103ms (Views: 422.6ms | ActiveRecord: 7669.1ms)


Started GET "/" for 127.0.0.1 at 2016-11-30 01:46:53 -0300
  [1m[36mActiveRecord::SchemaMigration Load (136.3ms)[0m  [1mSELECT "schema_migrations".* FROM "schema_migrations"[0m
  [1m[35mUser Load (135.2ms)[0m  SELECT  "users".* FROM "users" WHERE "users"."id" = $1  ORDER BY "users"."id" ASC LIMIT 1  [["id", 1]]
  [1m[36mCACHE (0.0ms)[0m  [1mSELECT  "users".* FROM "users" WHERE "users"."id" = $1  ORDER BY "users"."id" ASC LIMIT 1[0m  [["id", 1]]
Processing by HomeController#index as HTML
Completed 401 Unauthorized in 6ms (ActiveRecord: 0.0ms)


Started GET "/users/login" for 127.0.0.1 at 2016-11-30 01:46:56 -0300
Processing by Users::SessionsController#new as HTML
  Rendered devise/sessions/new.html.erb within layouts/login (15.2ms)
Completed 200 OK in 679ms (Views: 676.7ms | ActiveRecord: 0.0ms)


Started POST "/users/login" for 127.0.0.1 at 2016-11-30 01:47:30 -0300
Processing by Users::SessionsController#create as HTML
  Parameters: {"utf8"=>"✓", "authenticity_token"=>"uyGXgetn7qm9I+5WOnPpFqEoRS93tMLErFF1t34ZHH2VTKldhejKK3RNuxiQSO92SCd+HJpNrLh+8mw7bJ0vcA==", "user"=>{"email"=>"admin@admin.com", "password"=>"[FILTERED]", "remember_me"=>"0"}, "commit"=>"Entrar"}
  [1m[35mUser Load (199.5ms)[0m  SELECT  "users".* FROM "users" WHERE "users"."email" = $1  ORDER BY "users"."id" ASC LIMIT 1  [["email", "admin@admin.com"]]
  [1m[36m (196.6ms)[0m  [1mBEGIN[0m
  [1m[35m (134.3ms)[0m  SELECT MAX("espinita_audits"."version") FROM "espinita_audits" WHERE "espinita_audits"."auditable_id" = $1 AND "espinita_audits"."auditable_type" = $2  [["auditable_id", 1], ["auditable_type", "User"]]
  [1m[36mSQL (134.0ms)[0m  [1mINSERT INTO "espinita_audits" ("action", "audited_changes", "auditable_id", "auditable_type", "created_at", "updated_at", "version") VALUES ($1, $2, $3, $4, $5, $6, $7) RETURNING "id"[0m  [["action", "update"], ["audited_changes", "---\n:last_sign_in_at:\n- 2016-11-30 01:29:35.551443000 Z\n- &1 2016-11-30 01:53:01.515264000 Z\n:current_sign_in_at:\n- *1\n- 2016-11-30 04:47:31.540939533 Z\n:sign_in_count:\n- 169\n- 170\n"], ["auditable_id", 1], ["auditable_type", "User"], ["created_at", "2016-11-30 04:47:32.066588"], ["updated_at", "2016-11-30 04:47:32.066588"], ["version", 189]]
  [1m[35mSQL (133.0ms)[0m  UPDATE "users" SET "last_sign_in_at" = $1, "current_sign_in_at" = $2, "sign_in_count" = $3, "updated_at" = $4 WHERE "users"."id" = $5  [["last_sign_in_at", "2016-11-30 01:53:01.515264"], ["current_sign_in_at", "2016-11-30 04:47:31.540939"], ["sign_in_count", 170], ["updated_at", "2016-11-30 04:47:31.738884"], ["id", 1]]
  [1m[36m (138.0ms)[0m  [1mCOMMIT[0m
Redirected to http://localhost:3000/
Completed 302 Found in 1974ms (ActiveRecord: 1241.8ms)


Started GET "/" for 127.0.0.1 at 2016-11-30 01:47:33 -0300
  [1m[35mUser Load (132.9ms)[0m  SELECT  "users".* FROM "users" WHERE "users"."id" = $1  ORDER BY "users"."id" ASC LIMIT 1  [["id", 1]]
Processing by HomeController#index as HTML
  Rendered home/index.html.erb within layouts/application (0.9ms)
  [1m[36mRole Load (133.5ms)[0m  [1mSELECT  "roles".* FROM "roles" WHERE "roles"."id" = $1 LIMIT 1[0m  [["id", 1]]
  Rendered layouts/_menu_top.html.erb (676.1ms)
  [1m[35mSystemVersion Load (135.0ms)[0m  SELECT  "system_versions".* FROM "system_versions"  ORDER BY "system_versions"."id" DESC LIMIT 1
  [1m[36mCACHE (0.0ms)[0m  [1mSELECT  "system_versions".* FROM "system_versions"  ORDER BY "system_versions"."id" DESC LIMIT 1[0m
  Rendered layouts/_rodape.html.erb (413.0ms)
Completed 200 OK in 1376ms (Views: 560.2ms | ActiveRecord: 815.4ms)


Started GET "/controle_alocacoes" for 127.0.0.1 at 2016-11-30 01:51:42 -0300
Processing by ControleAlocacoesController#index as HTML
  [1m[35mUser Load (137.6ms)[0m  SELECT  "users".* FROM "users" WHERE "users"."id" = $1  ORDER BY "users"."id" ASC LIMIT 1  [["id", 1]]
  [1m[36m (145.9ms)[0m  [1mSELECT COUNT(DISTINCT "controle_alocacoes"."id") FROM "controle_alocacoes" LEFT OUTER JOIN "colaboradores" ON "colaboradores"."id" = "controle_alocacoes"."entregador_id" LEFT OUTER JOIN "colaboradores" "recebedors_controle_alocacoes" ON "recebedors_controle_alocacoes"."id" = "controle_alocacoes"."recebedor_id" LEFT OUTER JOIN "centro_custos" ON "centro_custos"."id" = "controle_alocacoes"."centro_custo_id" LEFT OUTER JOIN "tipo_alocacoes" ON "tipo_alocacoes"."id" = "controle_alocacoes"."tipo_alocacao_id"[0m
  [1m[35mSQL (164.6ms)[0m  SELECT  "controle_alocacoes"."id" AS t0_r0, "controle_alocacoes"."data_transferencia" AS t0_r1, "controle_alocacoes"."entregador_id" AS t0_r2, "controle_alocacoes"."recebedor_id" AS t0_r3, "controle_alocacoes"."centro_custo_id" AS t0_r4, "controle_alocacoes"."tipo_alocacao_id" AS t0_r5, "controle_alocacoes"."endereco" AS t0_r6, "controle_alocacoes"."created_at" AS t0_r7, "controle_alocacoes"."updated_at" AS t0_r8, "colaboradores"."id" AS t1_r0, "colaboradores"."nome" AS t1_r1, "colaboradores"."cpf" AS t1_r2, "colaboradores"."funcao_id" AS t1_r3, "colaboradores"."data_admissao" AS t1_r4, "colaboradores"."data_demissao" AS t1_r5, "colaboradores"."deleted_at" AS t1_r6, "colaboradores"."created_at" AS t1_r7, "colaboradores"."updated_at" AS t1_r8, "colaboradores"."data_nascimento" AS t1_r9, "recebedors_controle_alocacoes"."id" AS t2_r0, "recebedors_controle_alocacoes"."nome" AS t2_r1, "recebedors_controle_alocacoes"."cpf" AS t2_r2, "recebedors_controle_alocacoes"."funcao_id" AS t2_r3, "recebedors_controle_alocacoes"."data_admissao" AS t2_r4, "recebedors_controle_alocacoes"."data_demissao" AS t2_r5, "recebedors_controle_alocacoes"."deleted_at" AS t2_r6, "recebedors_controle_alocacoes"."created_at" AS t2_r7, "recebedors_controle_alocacoes"."updated_at" AS t2_r8, "recebedors_controle_alocacoes"."data_nascimento" AS t2_r9, "centro_custos"."id" AS t3_r0, "centro_custos"."descricao" AS t3_r1, "centro_custos"."created_at" AS t3_r2, "centro_custos"."updated_at" AS t3_r3, "tipo_alocacoes"."id" AS t4_r0, "tipo_alocacoes"."descricao" AS t4_r1, "tipo_alocacoes"."created_at" AS t4_r2, "tipo_alocacoes"."updated_at" AS t4_r3 FROM "controle_alocacoes" LEFT OUTER JOIN "colaboradores" ON "colaboradores"."id" = "controle_alocacoes"."entregador_id" LEFT OUTER JOIN "colaboradores" "recebedors_controle_alocacoes" ON "recebedors_controle_alocacoes"."id" = "controle_alocacoes"."recebedor_id" LEFT OUTER JOIN "centro_custos" ON "centro_custos"."id" = "controle_alocacoes"."centro_custo_id" LEFT OUTER JOIN "tipo_alocacoes" ON "tipo_alocacoes"."id" = "controle_alocacoes"."tipo_alocacao_id"  ORDER BY "controle_alocacoes"."id" asc LIMIT 10 OFFSET 0
  Rendered controle_alocacoes/_grid.html.erb (1529.4ms)
  Rendered controle_alocacoes/index.html.erb within layouts/application (1543.1ms)
  [1m[36mRole Load (134.2ms)[0m  [1mSELECT  "roles".* FROM "roles" WHERE "roles"."id" = $1 LIMIT 1[0m  [["id", 1]]
  Rendered layouts/_menu_top.html.erb (152.2ms)
  [1m[35mSystemVersion Load (205.1ms)[0m  SELECT  "system_versions".* FROM "system_versions"  ORDER BY "system_versions"."id" DESC LIMIT 1
  [1m[36mCACHE (0.0ms)[0m  [1mSELECT  "system_versions".* FROM "system_versions"  ORDER BY "system_versions"."id" DESC LIMIT 1[0m
  Rendered layouts/_rodape.html.erb (208.4ms)
Completed 200 OK in 2748ms (Views: 694.1ms | ActiveRecord: 2034.8ms)


Started GET "/controle_alocacoes/itens?controle_id=1" for 127.0.0.1 at 2016-11-30 01:51:49 -0300
Processing by ControleAlocacoesController#itens as JS
  Parameters: {"controle_id"=>"1"}
  [1m[35mUser Load (135.0ms)[0m  SELECT  "users".* FROM "users" WHERE "users"."id" = $1  ORDER BY "users"."id" ASC LIMIT 1  [["id", 1]]
  [1m[36mControleAlocacao Load (139.4ms)[0m  [1mSELECT  "controle_alocacoes".* FROM "controle_alocacoes" WHERE "controle_alocacoes"."id" = $1 LIMIT 1[0m  [["id", 1]]
  [1m[35mCentroCusto Load (134.7ms)[0m  SELECT  "centro_custos".* FROM "centro_custos" WHERE "centro_custos"."id" = $1 LIMIT 1  [["id", 3]]
  [1m[36m (138.7ms)[0m  [1mSELECT COUNT(*) FROM "bens_alocacao" WHERE "bens_alocacao"."controle_alocacao_id" = $1[0m  [["controle_alocacao_id", 1]]
  [1m[35mBemAlocacao Load (137.5ms)[0m  SELECT  "bens_alocacao".* FROM "bens_alocacao" WHERE "bens_alocacao"."controle_alocacao_id" = $1 LIMIT 10 OFFSET 0  [["controle_alocacao_id", 1]]
  [1m[36mBem Load (135.9ms)[0m  [1mSELECT  "bens".* FROM "bens" WHERE "bens"."id" = $1 LIMIT 1[0m  [["id", 7]]
  [1m[35mInsumo Load (132.3ms)[0m  SELECT  "insumos".* FROM "insumos" WHERE "insumos"."id" = $1 LIMIT 1  [["id", 3]]
  [1m[36mSituacao Load (139.9ms)[0m  [1mSELECT  "situacoes".* FROM "situacoes" WHERE "situacoes"."id" = $1 LIMIT 1[0m  [["id", 1]]
  [1m[35mTipoBem Load (134.4ms)[0m  SELECT  "tipo_bens".* FROM "tipo_bens" WHERE "tipo_bens"."id" = $1 LIMIT 1  [["id", 1]]
  Rendered controle_alocacoes/_grid_itens.html.erb (2989.1ms)
  Rendered controle_alocacoes/itens.js.erb (3288.2ms)
Completed 200 OK in 3894ms (Views: 1119.8ms | ActiveRecord: 2607.3ms)


Started GET "/controle_alocacoes/itens?controle_id=2" for 127.0.0.1 at 2016-11-30 01:52:00 -0300
Processing by ControleAlocacoesController#itens as JS
  Parameters: {"controle_id"=>"2"}
  [1m[36mUser Load (136.6ms)[0m  [1mSELECT  "users".* FROM "users" WHERE "users"."id" = $1  ORDER BY "users"."id" ASC LIMIT 1[0m  [["id", 1]]
  [1m[35mControleAlocacao Load (134.7ms)[0m  SELECT  "controle_alocacoes".* FROM "controle_alocacoes" WHERE "controle_alocacoes"."id" = $1 LIMIT 1  [["id", 2]]
  [1m[36mCentroCusto Load (133.2ms)[0m  [1mSELECT  "centro_custos".* FROM "centro_custos" WHERE "centro_custos"."id" = $1 LIMIT 1[0m  [["id", 3]]
  [1m[35m (132.7ms)[0m  SELECT COUNT(*) FROM "bens_alocacao" WHERE "bens_alocacao"."controle_alocacao_id" = $1  [["controle_alocacao_id", 2]]
  [1m[36mBemAlocacao Load (135.9ms)[0m  [1mSELECT  "bens_alocacao".* FROM "bens_alocacao" WHERE "bens_alocacao"."controle_alocacao_id" = $1 LIMIT 10 OFFSET 0[0m  [["controle_alocacao_id", 2]]
  [1m[35mBem Load (139.0ms)[0m  SELECT  "bens".* FROM "bens" WHERE "bens"."id" = $1 LIMIT 1  [["id", 7]]
  [1m[36mInsumo Load (136.2ms)[0m  [1mSELECT  "insumos".* FROM "insumos" WHERE "insumos"."id" = $1 LIMIT 1[0m  [["id", 3]]
  [1m[35mSituacao Load (133.6ms)[0m  SELECT  "situacoes".* FROM "situacoes" WHERE "situacoes"."id" = $1 LIMIT 1  [["id", 1]]
  [1m[36mTipoBem Load (140.5ms)[0m  [1mSELECT  "tipo_bens".* FROM "tipo_bens" WHERE "tipo_bens"."id" = $1 LIMIT 1[0m  [["id", 1]]
  Rendered controle_alocacoes/_grid_itens.html.erb (830.0ms)
  Rendered controle_alocacoes/itens.js.erb (969.5ms)
Completed 200 OK in 1259ms (Views: 32.5ms | ActiveRecord: 1222.4ms)


Started GET "/controle_alocacoes" for 127.0.0.1 at 2016-11-30 01:52:53 -0300
Processing by ControleAlocacoesController#index as HTML
  [1m[35mUser Load (138.5ms)[0m  SELECT  "users".* FROM "users" WHERE "users"."id" = $1  ORDER BY "users"."id" ASC LIMIT 1  [["id", 1]]
  [1m[36m (141.2ms)[0m  [1mSELECT COUNT(DISTINCT "controle_alocacoes"."id") FROM "controle_alocacoes" LEFT OUTER JOIN "colaboradores" ON "colaboradores"."id" = "controle_alocacoes"."entregador_id" LEFT OUTER JOIN "colaboradores" "recebedors_controle_alocacoes" ON "recebedors_controle_alocacoes"."id" = "controle_alocacoes"."recebedor_id" LEFT OUTER JOIN "centro_custos" ON "centro_custos"."id" = "controle_alocacoes"."centro_custo_id" LEFT OUTER JOIN "tipo_alocacoes" ON "tipo_alocacoes"."id" = "controle_alocacoes"."tipo_alocacao_id"[0m
  [1m[35mSQL (144.0ms)[0m  SELECT  "controle_alocacoes"."id" AS t0_r0, "controle_alocacoes"."data_transferencia" AS t0_r1, "controle_alocacoes"."entregador_id" AS t0_r2, "controle_alocacoes"."recebedor_id" AS t0_r3, "controle_alocacoes"."centro_custo_id" AS t0_r4, "controle_alocacoes"."tipo_alocacao_id" AS t0_r5, "controle_alocacoes"."endereco" AS t0_r6, "controle_alocacoes"."created_at" AS t0_r7, "controle_alocacoes"."updated_at" AS t0_r8, "colaboradores"."id" AS t1_r0, "colaboradores"."nome" AS t1_r1, "colaboradores"."cpf" AS t1_r2, "colaboradores"."funcao_id" AS t1_r3, "colaboradores"."data_admissao" AS t1_r4, "colaboradores"."data_demissao" AS t1_r5, "colaboradores"."deleted_at" AS t1_r6, "colaboradores"."created_at" AS t1_r7, "colaboradores"."updated_at" AS t1_r8, "colaboradores"."data_nascimento" AS t1_r9, "recebedors_controle_alocacoes"."id" AS t2_r0, "recebedors_controle_alocacoes"."nome" AS t2_r1, "recebedors_controle_alocacoes"."cpf" AS t2_r2, "recebedors_controle_alocacoes"."funcao_id" AS t2_r3, "recebedors_controle_alocacoes"."data_admissao" AS t2_r4, "recebedors_controle_alocacoes"."data_demissao" AS t2_r5, "recebedors_controle_alocacoes"."deleted_at" AS t2_r6, "recebedors_controle_alocacoes"."created_at" AS t2_r7, "recebedors_controle_alocacoes"."updated_at" AS t2_r8, "recebedors_controle_alocacoes"."data_nascimento" AS t2_r9, "centro_custos"."id" AS t3_r0, "centro_custos"."descricao" AS t3_r1, "centro_custos"."created_at" AS t3_r2, "centro_custos"."updated_at" AS t3_r3, "tipo_alocacoes"."id" AS t4_r0, "tipo_alocacoes"."descricao" AS t4_r1, "tipo_alocacoes"."created_at" AS t4_r2, "tipo_alocacoes"."updated_at" AS t4_r3 FROM "controle_alocacoes" LEFT OUTER JOIN "colaboradores" ON "colaboradores"."id" = "controle_alocacoes"."entregador_id" LEFT OUTER JOIN "colaboradores" "recebedors_controle_alocacoes" ON "recebedors_controle_alocacoes"."id" = "controle_alocacoes"."recebedor_id" LEFT OUTER JOIN "centro_custos" ON "centro_custos"."id" = "controle_alocacoes"."centro_custo_id" LEFT OUTER JOIN "tipo_alocacoes" ON "tipo_alocacoes"."id" = "controle_alocacoes"."tipo_alocacao_id"  ORDER BY "controle_alocacoes"."id" asc LIMIT 10 OFFSET 0
  Rendered controle_alocacoes/_grid.html.erb (306.0ms)
  Rendered controle_alocacoes/index.html.erb within layouts/application (307.3ms)
  [1m[36mRole Load (133.2ms)[0m  [1mSELECT  "roles".* FROM "roles" WHERE "roles"."id" = $1 LIMIT 1[0m  [["id", 1]]
  Rendered layouts/_menu_top.html.erb (136.1ms)
  [1m[35mSystemVersion Load (132.8ms)[0m  SELECT  "system_versions".* FROM "system_versions"  ORDER BY "system_versions"."id" DESC LIMIT 1
  [1m[36mCACHE (0.0ms)[0m  [1mSELECT  "system_versions".* FROM "system_versions"  ORDER BY "system_versions"."id" DESC LIMIT 1[0m
  Rendered layouts/_rodape.html.erb (134.4ms)
Completed 200 OK in 1050ms (Views: 358.1ms | ActiveRecord: 689.7ms)


Started GET "/admin/users" for 127.0.0.1 at 2016-11-30 02:09:59 -0300
Processing by Admin::UsersController#index as HTML
  [1m[35mUser Load (134.0ms)[0m  SELECT  "users".* FROM "users" WHERE "users"."id" = $1  ORDER BY "users"."id" ASC LIMIT 1  [["id", 1]]
  [1m[36mRole Load (132.0ms)[0m  [1mSELECT  "roles".* FROM "roles" WHERE "roles"."id" = $1 LIMIT 1[0m  [["id", 1]]
  [1m[35m (139.3ms)[0m  SELECT COUNT(*) FROM "users" WHERE (deleted_at is null)
  [1m[36mUser Load (143.0ms)[0m  [1mSELECT  "users".* FROM "users" WHERE (deleted_at is null)  ORDER BY "users"."id" asc LIMIT 10 OFFSET 0[0m
  Rendered admin/users/_grid.html.erb (294.5ms)
  Rendered admin/users/index.html.erb within layouts/application (296.5ms)
  Rendered layouts/_menu_top.html.erb (1.6ms)
  [1m[35mSystemVersion Load (136.7ms)[0m  SELECT  "system_versions".* FROM "system_versions"  ORDER BY "system_versions"."id" DESC LIMIT 1
  [1m[36mCACHE (0.0ms)[0m  [1mSELECT  "system_versions".* FROM "system_versions"  ORDER BY "system_versions"."id" DESC LIMIT 1[0m
  Rendered layouts/_rodape.html.erb (138.6ms)
Completed 200 OK in 1039ms (Views: 325.9ms | ActiveRecord: 685.0ms)


Started GET "/admin/users" for 127.0.0.1 at 2016-11-30 02:13:12 -0300
Processing by Admin::UsersController#index as HTML
  [1m[35mUser Load (132.7ms)[0m  SELECT  "users".* FROM "users" WHERE "users"."id" = $1  ORDER BY "users"."id" ASC LIMIT 1  [["id", 1]]
  [1m[36mRole Load (147.0ms)[0m  [1mSELECT  "roles".* FROM "roles" WHERE "roles"."id" = $1 LIMIT 1[0m  [["id", 1]]
  [1m[35m (137.4ms)[0m  SELECT COUNT(*) FROM "users" WHERE (deleted_at is null)
  [1m[36mUser Load (145.1ms)[0m  [1mSELECT  "users".* FROM "users" WHERE (deleted_at is null)  ORDER BY "users"."nome" ASC, "users"."id" asc LIMIT 10 OFFSET 0[0m
  Rendered admin/users/_grid.html.erb (299.4ms)
  Rendered admin/users/index.html.erb within layouts/application (301.0ms)
  Rendered layouts/_menu_top.html.erb (1.9ms)
  [1m[35mSystemVersion Load (135.5ms)[0m  SELECT  "system_versions".* FROM "system_versions"  ORDER BY "system_versions"."id" DESC LIMIT 1
  [1m[36mCACHE (0.0ms)[0m  [1mSELECT  "system_versions".* FROM "system_versions"  ORDER BY "system_versions"."id" DESC LIMIT 1[0m
  Rendered layouts/_rodape.html.erb (435.9ms)
Completed 200 OK in 2067ms (Views: 336.7ms | ActiveRecord: 1690.6ms)


Started GET "/usuarios_mobiles" for 127.0.0.1 at 2016-11-30 02:13:18 -0300
Processing by UsuariosMobilesController#index as HTML
  [1m[35mUser Load (132.3ms)[0m  SELECT  "users".* FROM "users" WHERE "users"."id" = $1  ORDER BY "users"."id" ASC LIMIT 1  [["id", 1]]
  [1m[36mUsuariosMobile Load (137.5ms)[0m  [1mSELECT "usuarios_mobiles".* FROM "usuarios_mobiles"[0m
  [1m[35mColaborador Load (142.8ms)[0m  SELECT  "colaboradores".* FROM "colaboradores" WHERE "colaboradores"."id" = $1 LIMIT 1  [["id", 37]]
  [1m[36mColaborador Load (133.4ms)[0m  [1mSELECT  "colaboradores".* FROM "colaboradores" WHERE "colaboradores"."id" = $1 LIMIT 1[0m  [["id", 35]]
  [1m[35mColaborador Load (146.3ms)[0m  SELECT  "colaboradores".* FROM "colaboradores" WHERE "colaboradores"."id" = $1 LIMIT 1  [["id", 38]]
  [1m[36mColaborador Load (132.4ms)[0m  [1mSELECT  "colaboradores".* FROM "colaboradores" WHERE "colaboradores"."id" = $1 LIMIT 1[0m  [["id", 39]]
  Rendered usuarios_mobiles/index.html.erb within layouts/application (1413.4ms)
  [1m[35mRole Load (133.4ms)[0m  SELECT  "roles".* FROM "roles" WHERE "roles"."id" = $1 LIMIT 1  [["id", 1]]
  Rendered layouts/_menu_top.html.erb (137.0ms)
  [1m[36mSystemVersion Load (132.6ms)[0m  [1mSELECT  "system_versions".* FROM "system_versions"  ORDER BY "system_versions"."id" DESC LIMIT 1[0m
  [1m[35mCACHE (0.0ms)[0m  SELECT  "system_versions".* FROM "system_versions"  ORDER BY "system_versions"."id" DESC LIMIT 1
  Rendered layouts/_rodape.html.erb (134.6ms)
Completed 200 OK in 2102ms (Views: 445.0ms | ActiveRecord: 1644.2ms)


Started GET "/usuarios_mobiles" for 127.0.0.1 at 2016-11-30 02:14:03 -0300
Processing by UsuariosMobilesController#index as HTML
  [1m[36mUser Load (132.2ms)[0m  [1mSELECT  "users".* FROM "users" WHERE "users"."id" = $1  ORDER BY "users"."id" ASC LIMIT 1[0m  [["id", 1]]
  [1m[35mUsuariosMobile Load (134.5ms)[0m  SELECT "usuarios_mobiles".* FROM "usuarios_mobiles"  ORDER BY "usuarios_mobiles"."login" ASC
  [1m[36mColaborador Load (134.7ms)[0m  [1mSELECT  "colaboradores".* FROM "colaboradores" WHERE "colaboradores"."id" = $1 LIMIT 1[0m  [["id", 38]]
  [1m[35mColaborador Load (133.9ms)[0m  SELECT  "colaboradores".* FROM "colaboradores" WHERE "colaboradores"."id" = $1 LIMIT 1  [["id", 39]]
  [1m[36mColaborador Load (136.3ms)[0m  [1mSELECT  "colaboradores".* FROM "colaboradores" WHERE "colaboradores"."id" = $1 LIMIT 1[0m  [["id", 37]]
  [1m[35mColaborador Load (132.6ms)[0m  SELECT  "colaboradores".* FROM "colaboradores" WHERE "colaboradores"."id" = $1 LIMIT 1  [["id", 35]]
  Rendered usuarios_mobiles/index.html.erb within layouts/application (1251.2ms)
  [1m[36mRole Load (135.7ms)[0m  [1mSELECT  "roles".* FROM "roles" WHERE "roles"."id" = $1 LIMIT 1[0m  [["id", 1]]
  Rendered layouts/_menu_top.html.erb (425.5ms)
  [1m[35mSystemVersion Load (136.8ms)[0m  SELECT  "system_versions".* FROM "system_versions"  ORDER BY "system_versions"."id" DESC LIMIT 1
  [1m[36mCACHE (0.0ms)[0m  [1mSELECT  "system_versions".* FROM "system_versions"  ORDER BY "system_versions"."id" DESC LIMIT 1[0m
  Rendered layouts/_rodape.html.erb (416.3ms)
Completed 200 OK in 2922ms (Views: 314.6ms | ActiveRecord: 2588.1ms)


Started GET "/colaboradores" for 127.0.0.1 at 2016-11-30 02:16:33 -0300
Processing by ColaboradoresController#index as HTML
  [1m[35mUser Load (133.0ms)[0m  SELECT  "users".* FROM "users" WHERE "users"."id" = $1  ORDER BY "users"."id" ASC LIMIT 1  [["id", 1]]
  [1m[36m (135.5ms)[0m  [1mSELECT COUNT(DISTINCT "colaboradores"."id") FROM "colaboradores" LEFT OUTER JOIN "funcoes" ON "funcoes"."id" = "colaboradores"."funcao_id" LEFT OUTER JOIN "colaborador_telefones" ON "colaborador_telefones"."colaborador_id" = "colaboradores"."id"[0m
  [1m[35mSQL (138.1ms)[0m  SELECT  DISTINCT "colaboradores"."id", "colaboradores"."nome" AS alias_0, "colaboradores"."id" AS alias_1 FROM "colaboradores" LEFT OUTER JOIN "funcoes" ON "funcoes"."id" = "colaboradores"."funcao_id" LEFT OUTER JOIN "colaborador_telefones" ON "colaborador_telefones"."colaborador_id" = "colaboradores"."id"  ORDER BY "colaboradores"."nome" ASC, "colaboradores"."id" asc LIMIT 10 OFFSET 0
  [1m[36mSQL (141.9ms)[0m  [1mSELECT "colaboradores"."id" AS t0_r0, "colaboradores"."nome" AS t0_r1, "colaboradores"."cpf" AS t0_r2, "colaboradores"."funcao_id" AS t0_r3, "colaboradores"."data_admissao" AS t0_r4, "colaboradores"."data_demissao" AS t0_r5, "colaboradores"."deleted_at" AS t0_r6, "colaboradores"."created_at" AS t0_r7, "colaboradores"."updated_at" AS t0_r8, "colaboradores"."data_nascimento" AS t0_r9, "funcoes"."id" AS t1_r0, "funcoes"."descricao" AS t1_r1, "funcoes"."created_at" AS t1_r2, "funcoes"."updated_at" AS t1_r3, "colaborador_telefones"."id" AS t2_r0, "colaborador_telefones"."ddd" AS t2_r1, "colaborador_telefones"."numero" AS t2_r2, "colaborador_telefones"."colaborador_id" AS t2_r3, "colaborador_telefones"."created_at" AS t2_r4, "colaborador_telefones"."updated_at" AS t2_r5 FROM "colaboradores" LEFT OUTER JOIN "funcoes" ON "funcoes"."id" = "colaboradores"."funcao_id" LEFT OUTER JOIN "colaborador_telefones" ON "colaborador_telefones"."colaborador_id" = "colaboradores"."id" WHERE "colaboradores"."id" IN (17, 16, 30, 7, 24, 10, 38, 18, 13, 20)  ORDER BY "colaboradores"."nome" ASC, "colaboradores"."id" asc[0m
  [1m[35m (133.4ms)[0m  SELECT COUNT(*) FROM "colaborador_telefones" WHERE "colaborador_telefones"."colaborador_id" = $1  [["colaborador_id", 17]]
  [1m[36m (133.0ms)[0m  [1mSELECT COUNT(*) FROM "colaborador_telefones" WHERE "colaborador_telefones"."colaborador_id" = $1[0m  [["colaborador_id", 16]]
  [1m[35m (139.4ms)[0m  SELECT COUNT(*) FROM "colaborador_telefones" WHERE "colaborador_telefones"."colaborador_id" = $1  [["colaborador_id", 30]]
  [1m[36m (133.6ms)[0m  [1mSELECT COUNT(*) FROM "colaborador_telefones" WHERE "colaborador_telefones"."colaborador_id" = $1[0m  [["colaborador_id", 7]]
  [1m[35m (132.1ms)[0m  SELECT COUNT(*) FROM "colaborador_telefones" WHERE "colaborador_telefones"."colaborador_id" = $1  [["colaborador_id", 10]]
  [1m[36m (131.9ms)[0m  [1mSELECT COUNT(*) FROM "colaborador_telefones" WHERE "colaborador_telefones"."colaborador_id" = $1[0m  [["colaborador_id", 38]]
  [1m[35m (138.2ms)[0m  SELECT COUNT(*) FROM "colaborador_telefones" WHERE "colaborador_telefones"."colaborador_id" = $1  [["colaborador_id", 13]]
  [1m[36m (131.6ms)[0m  [1mSELECT COUNT(*) FROM "colaborador_telefones" WHERE "colaborador_telefones"."colaborador_id" = $1[0m  [["colaborador_id", 20]]
  Rendered colaboradores/_grid.html.erb (2398.5ms)
  Rendered colaboradores/index.html.erb within layouts/application (2401.5ms)
  [1m[35mRole Load (132.3ms)[0m  SELECT  "roles".* FROM "roles" WHERE "roles"."id" = $1 LIMIT 1  [["id", 1]]
  Rendered layouts/_menu_top.html.erb (418.6ms)
  [1m[36mSystemVersion Load (165.6ms)[0m  [1mSELECT  "system_versions".* FROM "system_versions"  ORDER BY "system_versions"."id" DESC LIMIT 1[0m
  [1m[35mCACHE (0.0ms)[0m  SELECT  "system_versions".* FROM "system_versions"  ORDER BY "system_versions"."id" DESC LIMIT 1
  Rendered layouts/_rodape.html.erb (453.6ms)
Completed 200 OK in 4290ms (Views: 578.4ms | ActiveRecord: 3689.5ms)


Started GET "/centro_custos" for 127.0.0.1 at 2016-11-30 02:16:45 -0300
Processing by CentroCustosController#index as HTML
  [1m[36mUser Load (133.3ms)[0m  [1mSELECT  "users".* FROM "users" WHERE "users"."id" = $1  ORDER BY "users"."id" ASC LIMIT 1[0m  [["id", 1]]
  [1m[35mCentroCusto Load (134.5ms)[0m  SELECT "centro_custos".* FROM "centro_custos"
  Rendered centro_custos/index.html.erb within layouts/application (413.2ms)
  [1m[36mRole Load (138.9ms)[0m  [1mSELECT  "roles".* FROM "roles" WHERE "roles"."id" = $1 LIMIT 1[0m  [["id", 1]]
  Rendered layouts/_menu_top.html.erb (142.3ms)
  [1m[35mSystemVersion Load (132.6ms)[0m  SELECT  "system_versions".* FROM "system_versions"  ORDER BY "system_versions"."id" DESC LIMIT 1
  [1m[36mCACHE (0.0ms)[0m  [1mSELECT  "system_versions".* FROM "system_versions"  ORDER BY "system_versions"."id" DESC LIMIT 1[0m
  Rendered layouts/_rodape.html.erb (134.8ms)
Completed 200 OK in 1170ms (Views: 354.6ms | ActiveRecord: 807.9ms)


Started GET "/centro_custos" for 127.0.0.1 at 2016-11-30 02:17:27 -0300
Processing by CentroCustosController#index as HTML
  [1m[35mUser Load (133.4ms)[0m  SELECT  "users".* FROM "users" WHERE "users"."id" = $1  ORDER BY "users"."id" ASC LIMIT 1  [["id", 1]]
  [1m[36mCentroCusto Load (140.6ms)[0m  [1mSELECT "centro_custos".* FROM "centro_custos"  ORDER BY "centro_custos"."descricao" ASC[0m
  Rendered centro_custos/index.html.erb within layouts/application (436.8ms)
  [1m[35mRole Load (137.0ms)[0m  SELECT  "roles".* FROM "roles" WHERE "roles"."id" = $1 LIMIT 1  [["id", 1]]
  Rendered layouts/_menu_top.html.erb (423.2ms)
  [1m[36mSystemVersion Load (136.1ms)[0m  [1mSELECT  "system_versions".* FROM "system_versions"  ORDER BY "system_versions"."id" DESC LIMIT 1[0m
  [1m[35mCACHE (0.0ms)[0m  SELECT  "system_versions".* FROM "system_versions"  ORDER BY "system_versions"."id" DESC LIMIT 1
  Rendered layouts/_rodape.html.erb (418.4ms)
Completed 200 OK in 2167ms (Views: 348.8ms | ActiveRecord: 1796.8ms)


Started GET "/setores" for 127.0.0.1 at 2016-11-30 02:17:31 -0300
Processing by SetoresController#index as HTML
  [1m[36mUser Load (133.5ms)[0m  [1mSELECT  "users".* FROM "users" WHERE "users"."id" = $1  ORDER BY "users"."id" ASC LIMIT 1[0m  [["id", 1]]
  [1m[35mSetor Load (135.3ms)[0m  SELECT "setores".* FROM "setores"
  Rendered setores/index.html.erb within layouts/application (282.8ms)
  [1m[36mRole Load (135.3ms)[0m  [1mSELECT  "roles".* FROM "roles" WHERE "roles"."id" = $1 LIMIT 1[0m  [["id", 1]]
  Rendered layouts/_menu_top.html.erb (138.4ms)
  [1m[35mSystemVersion Load (132.6ms)[0m  SELECT  "system_versions".* FROM "system_versions"  ORDER BY "system_versions"."id" DESC LIMIT 1
  [1m[36mCACHE (0.0ms)[0m  [1mSELECT  "system_versions".* FROM "system_versions"  ORDER BY "system_versions"."id" DESC LIMIT 1[0m
  Rendered layouts/_rodape.html.erb (134.8ms)
Completed 200 OK in 1131ms (Views: 301.7ms | ActiveRecord: 814.7ms)


Started GET "/setores" for 127.0.0.1 at 2016-11-30 02:17:49 -0300
Processing by SetoresController#index as HTML
  [1m[35mUser Load (134.3ms)[0m  SELECT  "users".* FROM "users" WHERE "users"."id" = $1  ORDER BY "users"."id" ASC LIMIT 1  [["id", 1]]
  [1m[36mSetor Load (134.6ms)[0m  [1mSELECT "setores".* FROM "setores"[0m
  Rendered setores/index.html.erb within layouts/application (277.9ms)
  [1m[35mRole Load (132.0ms)[0m  SELECT  "roles".* FROM "roles" WHERE "roles"."id" = $1 LIMIT 1  [["id", 1]]
  Rendered layouts/_menu_top.html.erb (422.3ms)
  [1m[36mSystemVersion Load (135.7ms)[0m  [1mSELECT  "system_versions".* FROM "system_versions"  ORDER BY "system_versions"."id" DESC LIMIT 1[0m
  [1m[35mCACHE (0.0ms)[0m  SELECT  "system_versions".* FROM "system_versions"  ORDER BY "system_versions"."id" DESC LIMIT 1
  Rendered layouts/_rodape.html.erb (432.3ms)
Completed 200 OK in 2130ms (Views: 314.6ms | ActiveRecord: 1790.6ms)


Started GET "/funcoes" for 127.0.0.1 at 2016-11-30 02:17:58 -0300
Processing by FuncoesController#index as HTML
  [1m[36mUser Load (136.4ms)[0m  [1mSELECT  "users".* FROM "users" WHERE "users"."id" = $1  ORDER BY "users"."id" ASC LIMIT 1[0m  [["id", 1]]
  [1m[35mFuncao Load (135.4ms)[0m  SELECT "funcoes".* FROM "funcoes"
  Rendered funcoes/index.html.erb within layouts/application (439.9ms)
  [1m[36mRole Load (137.6ms)[0m  [1mSELECT  "roles".* FROM "roles" WHERE "roles"."id" = $1 LIMIT 1[0m  [["id", 1]]
  Rendered layouts/_menu_top.html.erb (140.7ms)
  [1m[35mSystemVersion Load (132.6ms)[0m  SELECT  "system_versions".* FROM "system_versions"  ORDER BY "system_versions"."id" DESC LIMIT 1
  [1m[36mCACHE (0.0ms)[0m  [1mSELECT  "system_versions".* FROM "system_versions"  ORDER BY "system_versions"."id" DESC LIMIT 1[0m
  Rendered layouts/_rodape.html.erb (134.3ms)
Completed 200 OK in 1129ms (Views: 307.4ms | ActiveRecord: 817.0ms)


Started GET "/funcoes" for 127.0.0.1 at 2016-11-30 02:18:21 -0300
Processing by FuncoesController#index as HTML
  [1m[35mUser Load (132.8ms)[0m  SELECT  "users".* FROM "users" WHERE "users"."id" = $1  ORDER BY "users"."id" ASC LIMIT 1  [["id", 1]]
  [1m[36mFuncao Load (140.6ms)[0m  [1mSELECT "funcoes".* FROM "funcoes"  ORDER BY "funcoes"."descricao" ASC[0m
  Rendered funcoes/index.html.erb within layouts/application (432.7ms)
  [1m[35mRole Load (562.2ms)[0m  SELECT  "roles".* FROM "roles" WHERE "roles"."id" = $1 LIMIT 1  [["id", 1]]
  Rendered layouts/_menu_top.html.erb (853.2ms)
  [1m[36mSystemVersion Load (134.6ms)[0m  [1mSELECT  "system_versions".* FROM "system_versions"  ORDER BY "system_versions"."id" DESC LIMIT 1[0m
  [1m[35mCACHE (0.0ms)[0m  SELECT  "system_versions".* FROM "system_versions"  ORDER BY "system_versions"."id" DESC LIMIT 1
  Rendered layouts/_rodape.html.erb (416.0ms)
Completed 200 OK in 2666ms (Views: 423.6ms | ActiveRecord: 2216.8ms)


Started GET "/fornecedores" for 127.0.0.1 at 2016-11-30 02:18:29 -0300
Processing by FornecedoresController#index as HTML
  [1m[36mUser Load (132.6ms)[0m  [1mSELECT  "users".* FROM "users" WHERE "users"."id" = $1  ORDER BY "users"."id" ASC LIMIT 1[0m  [["id", 1]]
Completed 500 Internal Server Error in 276ms (ActiveRecord: 271.2ms)

ActiveRecord::StatementInvalid (PG::UndefinedTable: ERROR:  relation "fornecedors" does not exist
LINE 5:                WHERE a.attrelid = '"fornecedors"'::regclass
                                          ^
:               SELECT a.attname, format_type(a.atttypid, a.atttypmod),
                     pg_get_expr(d.adbin, d.adrelid), a.attnotnull, a.atttypid, a.atttypmod
                FROM pg_attribute a LEFT JOIN pg_attrdef d
                  ON a.attrelid = d.adrelid AND a.attnum = d.adnum
               WHERE a.attrelid = '"fornecedors"'::regclass
                 AND a.attnum > 0 AND NOT a.attisdropped
               ORDER BY a.attnum
):
  app/controllers/fornecedores_controller.rb:8:in `index'


  Rendered /home/fred/.rvm/gems/ruby-2.2.1@bws/gems/actionpack-4.2.5.1/lib/action_dispatch/middleware/templates/rescues/_source.erb (6.2ms)
  Rendered /home/fred/.rvm/gems/ruby-2.2.1@bws/gems/actionpack-4.2.5.1/lib/action_dispatch/middleware/templates/rescues/_trace.html.erb (3.1ms)
  Rendered /home/fred/.rvm/gems/ruby-2.2.1@bws/gems/actionpack-4.2.5.1/lib/action_dispatch/middleware/templates/rescues/_request_and_response.html.erb (1.1ms)
  Rendered /home/fred/.rvm/gems/ruby-2.2.1@bws/gems/actionpack-4.2.5.1/lib/action_dispatch/middleware/templates/rescues/diagnostics.html.erb within rescues/layout (26.3ms)


Started GET "/fornecedores" for 127.0.0.1 at 2016-11-30 02:18:29 -0300
Processing by FornecedoresController#index as HTML
  [1m[35mUser Load (178.4ms)[0m  SELECT  "users".* FROM "users" WHERE "users"."id" = $1  ORDER BY "users"."id" ASC LIMIT 1  [["id", 1]]
Completed 500 Internal Server Error in 322ms (ActiveRecord: 319.6ms)

ActiveRecord::StatementInvalid (PG::UndefinedTable: ERROR:  relation "fornecedors" does not exist
LINE 5:                WHERE a.attrelid = '"fornecedors"'::regclass
                                          ^
:               SELECT a.attname, format_type(a.atttypid, a.atttypmod),
                     pg_get_expr(d.adbin, d.adrelid), a.attnotnull, a.atttypid, a.atttypmod
                FROM pg_attribute a LEFT JOIN pg_attrdef d
                  ON a.attrelid = d.adrelid AND a.attnum = d.adnum
               WHERE a.attrelid = '"fornecedors"'::regclass
                 AND a.attnum > 0 AND NOT a.attisdropped
               ORDER BY a.attnum
):
  app/controllers/fornecedores_controller.rb:8:in `index'


  Rendered /home/fred/.rvm/gems/ruby-2.2.1@bws/gems/actionpack-4.2.5.1/lib/action_dispatch/middleware/templates/rescues/_source.erb (6.5ms)
  Rendered /home/fred/.rvm/gems/ruby-2.2.1@bws/gems/actionpack-4.2.5.1/lib/action_dispatch/middleware/templates/rescues/_trace.html.erb (2.9ms)
  Rendered /home/fred/.rvm/gems/ruby-2.2.1@bws/gems/actionpack-4.2.5.1/lib/action_dispatch/middleware/templates/rescues/_request_and_response.html.erb (0.9ms)
  Rendered /home/fred/.rvm/gems/ruby-2.2.1@bws/gems/actionpack-4.2.5.1/lib/action_dispatch/middleware/templates/rescues/diagnostics.html.erb within rescues/layout (24.7ms)


Started GET "/fornecedores" for 127.0.0.1 at 2016-11-30 02:18:44 -0300
Processing by FornecedoresController#index as HTML
  [1m[36mUser Load (132.1ms)[0m  [1mSELECT  "users".* FROM "users" WHERE "users"."id" = $1  ORDER BY "users"."id" ASC LIMIT 1[0m  [["id", 1]]
  [1m[35m (134.5ms)[0m  SELECT COUNT(*) FROM "fornecedores"
  [1m[36mFornecedor Load (138.1ms)[0m  [1mSELECT  "fornecedores".* FROM "fornecedores"  ORDER BY "fornecedores"."id" asc LIMIT 10 OFFSET 0[0m
  Rendered fornecedores/index.html.erb within layouts/application (429.8ms)
  [1m[35mRole Load (185.4ms)[0m  SELECT  "roles".* FROM "roles" WHERE "roles"."id" = $1 LIMIT 1  [["id", 1]]
  Rendered layouts/_menu_top.html.erb (470.0ms)
  [1m[36mSystemVersion Load (136.1ms)[0m  [1mSELECT  "system_versions".* FROM "system_versions"  ORDER BY "system_versions"."id" DESC LIMIT 1[0m
  [1m[35mCACHE (0.0ms)[0m  SELECT  "system_versions".* FROM "system_versions"  ORDER BY "system_versions"."id" DESC LIMIT 1
  Rendered layouts/_rodape.html.erb (415.9ms)
Completed 200 OK in 2315ms (Views: 347.7ms | ActiveRecord: 1945.8ms)


Started GET "/fornecedores" for 127.0.0.1 at 2016-11-30 02:19:09 -0300
Processing by FornecedoresController#index as HTML
  [1m[36mUser Load (133.8ms)[0m  [1mSELECT  "users".* FROM "users" WHERE "users"."id" = $1  ORDER BY "users"."id" ASC LIMIT 1[0m  [["id", 1]]
  [1m[35m (134.3ms)[0m  SELECT COUNT(*) FROM "fornecedores"
  [1m[36mFornecedor Load (141.1ms)[0m  [1mSELECT  "fornecedores".* FROM "fornecedores"  ORDER BY "fornecedores"."nome_fantasia" ASC, "fornecedores"."id" asc LIMIT 10 OFFSET 0[0m
  Rendered fornecedores/index.html.erb within layouts/application (433.7ms)
  [1m[35mRole Load (138.7ms)[0m  SELECT  "roles".* FROM "roles" WHERE "roles"."id" = $1 LIMIT 1  [["id", 1]]
  Rendered layouts/_menu_top.html.erb (438.5ms)
  [1m[36mSystemVersion Load (182.0ms)[0m  [1mSELECT  "system_versions".* FROM "system_versions"  ORDER BY "system_versions"."id" DESC LIMIT 1[0m
  [1m[35mCACHE (0.0ms)[0m  SELECT  "system_versions".* FROM "system_versions"  ORDER BY "system_versions"."id" DESC LIMIT 1
  Rendered layouts/_rodape.html.erb (510.1ms)
Completed 200 OK in 2391ms (Views: 357.8ms | ActiveRecord: 2007.4ms)


Started GET "/materiais" for 127.0.0.1 at 2016-11-30 02:19:16 -0300
Processing by MateriaisController#index as HTML
  [1m[36mUser Load (133.7ms)[0m  [1mSELECT  "users".* FROM "users" WHERE "users"."id" = $1  ORDER BY "users"."id" ASC LIMIT 1[0m  [["id", 1]]
  [1m[35m (199.3ms)[0m  SELECT COUNT(*) FROM "materiais"
  [1m[36mMaterial Load (136.5ms)[0m  [1mSELECT  "materiais".* FROM "materiais"  ORDER BY "materiais"."id" asc LIMIT 10 OFFSET 0[0m
  Rendered materiais/_grid.html.erb (482.3ms)
  Rendered materiais/index.html.erb within layouts/application (484.7ms)
  [1m[35mRole Load (136.9ms)[0m  SELECT  "roles".* FROM "roles" WHERE "roles"."id" = $1 LIMIT 1  [["id", 1]]
  Rendered layouts/_menu_top.html.erb (139.7ms)
  [1m[36mSystemVersion Load (142.4ms)[0m  [1mSELECT  "system_versions".* FROM "system_versions"  ORDER BY "system_versions"."id" DESC LIMIT 1[0m
  [1m[35mCACHE (0.0ms)[0m  SELECT  "system_versions".* FROM "system_versions"  ORDER BY "system_versions"."id" DESC LIMIT 1
  Rendered layouts/_rodape.html.erb (144.4ms)
Completed 200 OK in 1337ms (Views: 310.6ms | ActiveRecord: 1017.5ms)


Started GET "/grupo_insumos" for 127.0.0.1 at 2016-11-30 02:19:21 -0300
Processing by GrupoInsumosController#index as HTML
  [1m[36mUser Load (135.7ms)[0m  [1mSELECT  "users".* FROM "users" WHERE "users"."id" = $1  ORDER BY "users"."id" ASC LIMIT 1[0m  [["id", 1]]
  [1m[35m (132.5ms)[0m  SELECT COUNT(*) FROM "grupo_insumos"
  [1m[36mGrupoInsumo Load (135.3ms)[0m  [1mSELECT  "grupo_insumos".* FROM "grupo_insumos"  ORDER BY "grupo_insumos"."created_at" asc LIMIT 10 OFFSET 0[0m
  Rendered grupo_insumos/index.html.erb within layouts/application (432.8ms)
  [1m[35mRole Load (139.5ms)[0m  SELECT  "roles".* FROM "roles" WHERE "roles"."id" = $1 LIMIT 1  [["id", 1]]
  Rendered layouts/_menu_top.html.erb (142.5ms)
  [1m[36mSystemVersion Load (138.5ms)[0m  [1mSELECT  "system_versions".* FROM "system_versions"  ORDER BY "system_versions"."id" DESC LIMIT 1[0m
  [1m[35mCACHE (0.0ms)[0m  SELECT  "system_versions".* FROM "system_versions"  ORDER BY "system_versions"."id" DESC LIMIT 1
  Rendered layouts/_rodape.html.erb (140.5ms)
Completed 200 OK in 1315ms (Views: 353.4ms | ActiveRecord: 954.7ms)


Started GET "/grupo_insumos" for 127.0.0.1 at 2016-11-30 02:19:51 -0300
Processing by GrupoInsumosController#index as HTML
  [1m[36mUser Load (132.0ms)[0m  [1mSELECT  "users".* FROM "users" WHERE "users"."id" = $1  ORDER BY "users"."id" ASC LIMIT 1[0m  [["id", 1]]
  [1m[35m (138.3ms)[0m  SELECT COUNT(*) FROM "grupo_insumos"
  [1m[36mGrupoInsumo Load (133.2ms)[0m  [1mSELECT  "grupo_insumos".* FROM "grupo_insumos"  ORDER BY "grupo_insumos"."descricao" ASC, "grupo_insumos"."created_at" asc LIMIT 10 OFFSET 0[0m
  Rendered grupo_insumos/index.html.erb within layouts/application (432.5ms)
  [1m[35mRole Load (132.0ms)[0m  SELECT  "roles".* FROM "roles" WHERE "roles"."id" = $1 LIMIT 1  [["id", 1]]
  Rendered layouts/_menu_top.html.erb (416.3ms)
  [1m[36mSystemVersion Load (132.5ms)[0m  [1mSELECT  "system_versions".* FROM "system_versions"  ORDER BY "system_versions"."id" DESC LIMIT 1[0m
  [1m[35mCACHE (0.0ms)[0m  SELECT  "system_versions".* FROM "system_versions"  ORDER BY "system_versions"."id" DESC LIMIT 1
  Rendered layouts/_rodape.html.erb (410.7ms)
Completed 200 OK in 2308ms (Views: 344.6ms | ActiveRecord: 1926.8ms)


Started GET "/insumos" for 127.0.0.1 at 2016-11-30 02:20:14 -0300
Processing by InsumosController#index as HTML
  [1m[36mUser Load (132.6ms)[0m  [1mSELECT  "users".* FROM "users" WHERE "users"."id" = $1  ORDER BY "users"."id" ASC LIMIT 1[0m  [["id", 1]]
  [1m[35m (137.1ms)[0m  SELECT COUNT(DISTINCT "insumos"."id") FROM "insumos" LEFT OUTER JOIN "grupo_insumos" ON "grupo_insumos"."id" = "insumos"."grupo_insumo_id"
  [1m[36mSQL (154.0ms)[0m  [1mSELECT  "insumos"."id" AS t0_r0, "insumos"."descricao" AS t0_r1, "insumos"."grupo_insumo_id" AS t0_r2, "insumos"."created_at" AS t0_r3, "insumos"."updated_at" AS t0_r4, "grupo_insumos"."id" AS t1_r0, "grupo_insumos"."descricao" AS t1_r1, "grupo_insumos"."created_at" AS t1_r2, "grupo_insumos"."updated_at" AS t1_r3 FROM "insumos" LEFT OUTER JOIN "grupo_insumos" ON "grupo_insumos"."id" = "insumos"."grupo_insumo_id"  ORDER BY "insumos"."descricao" ASC, "insumos"."created_at" asc LIMIT 10 OFFSET 0[0m
  Rendered insumos/index.html.erb within layouts/application (450.5ms)
  [1m[35mRole Load (132.2ms)[0m  SELECT  "roles".* FROM "roles" WHERE "roles"."id" = $1 LIMIT 1  [["id", 1]]
  Rendered layouts/_menu_top.html.erb (135.0ms)
  [1m[36mSystemVersion Load (132.6ms)[0m  [1mSELECT  "system_versions".* FROM "system_versions"  ORDER BY "system_versions"."id" DESC LIMIT 1[0m
  [1m[35mCACHE (0.0ms)[0m  SELECT  "system_versions".* FROM "system_versions"  ORDER BY "system_versions"."id" DESC LIMIT 1
  Rendered layouts/_rodape.html.erb (134.4ms)
Completed 200 OK in 1302ms (Views: 339.5ms | ActiveRecord: 956.8ms)


Started GET "/estado_conservacoes" for 127.0.0.1 at 2016-11-30 02:20:19 -0300
Processing by EstadoConservacoesController#index as HTML
  [1m[36mUser Load (140.5ms)[0m  [1mSELECT  "users".* FROM "users" WHERE "users"."id" = $1  ORDER BY "users"."id" ASC LIMIT 1[0m  [["id", 1]]
  [1m[35m (133.9ms)[0m  SELECT COUNT(*) FROM "estado_conservacoes"
  [1m[36mEstadoConservacao Load (135.3ms)[0m  [1mSELECT  "estado_conservacoes".* FROM "estado_conservacoes"  ORDER BY "estado_conservacoes"."created_at" asc LIMIT 10 OFFSET 0[0m
  Rendered estado_conservacoes/index.html.erb within layouts/application (417.0ms)
  [1m[35mRole Load (140.7ms)[0m  SELECT  "roles".* FROM "roles" WHERE "roles"."id" = $1 LIMIT 1  [["id", 1]]
  Rendered layouts/_menu_top.html.erb (145.3ms)
  [1m[36mSystemVersion Load (137.0ms)[0m  [1mSELECT  "system_versions".* FROM "system_versions"  ORDER BY "system_versions"."id" DESC LIMIT 1[0m
  [1m[35mCACHE (0.0ms)[0m  SELECT  "system_versions".* FROM "system_versions"  ORDER BY "system_versions"."id" DESC LIMIT 1
  Rendered layouts/_rodape.html.erb (139.3ms)
Completed 200 OK in 1268ms (Views: 302.7ms | ActiveRecord: 958.3ms)


Started GET "/estado_conservacoes" for 127.0.0.1 at 2016-11-30 02:20:37 -0300
Processing by EstadoConservacoesController#index as HTML
  [1m[36mUser Load (132.8ms)[0m  [1mSELECT  "users".* FROM "users" WHERE "users"."id" = $1  ORDER BY "users"."id" ASC LIMIT 1[0m  [["id", 1]]
  [1m[35m (142.6ms)[0m  SELECT COUNT(*) FROM "estado_conservacoes"
  [1m[36mEstadoConservacao Load (152.1ms)[0m  [1mSELECT  "estado_conservacoes".* FROM "estado_conservacoes"  ORDER BY "estado_conservacoes"."descricao" ASC, "estado_conservacoes"."created_at" asc LIMIT 10 OFFSET 0[0m
  Rendered estado_conservacoes/index.html.erb within layouts/application (464.6ms)
  [1m[35mRole Load (134.7ms)[0m  SELECT  "roles".* FROM "roles" WHERE "roles"."id" = $1 LIMIT 1  [["id", 1]]
  Rendered layouts/_menu_top.html.erb (672.2ms)
  [1m[36mSystemVersion Load (182.6ms)[0m  [1mSELECT  "system_versions".* FROM "system_versions"  ORDER BY "system_versions"."id" DESC LIMIT 1[0m
  [1m[35mCACHE (0.0ms)[0m  SELECT  "system_versions".* FROM "system_versions"  ORDER BY "system_versions"."id" DESC LIMIT 1
  Rendered layouts/_rodape.html.erb (609.6ms)
Completed 200 OK in 2757ms (Views: 331.7ms | ActiveRecord: 2402.5ms)


Started GET "/bens" for 127.0.0.1 at 2016-11-30 02:20:49 -0300
Processing by BensController#index as HTML
  [1m[36mUser Load (132.5ms)[0m  [1mSELECT  "users".* FROM "users" WHERE "users"."id" = $1  ORDER BY "users"."id" ASC LIMIT 1[0m  [["id", 1]]
  [1m[35m (140.9ms)[0m  SELECT COUNT(DISTINCT "bens"."id") FROM "bens" LEFT OUTER JOIN "situacoes" ON "situacoes"."id" = "bens"."situacao_id" LEFT OUTER JOIN "centro_custos" ON "centro_custos"."id" = "bens"."centro_custo_id" LEFT OUTER JOIN "setores" ON "setores"."id" = "bens"."setor_id" LEFT OUTER JOIN "tipo_bens" ON "tipo_bens"."id" = "bens"."tipo_bem_id" LEFT OUTER JOIN "grupo_insumos" ON "grupo_insumos"."id" = "bens"."grupo_insumo_id" LEFT OUTER JOIN "insumos" ON "insumos"."id" = "bens"."insumo_id" LEFT OUTER JOIN "estado_conservacoes" ON "estado_conservacoes"."id" = "bens"."estado_conservacao_id"
  [1m[36mSQL (160.0ms)[0m  [1mSELECT  "bens"."id" AS t0_r0, "bens"."marca" AS t0_r1, "bens"."modelo" AS t0_r2, "bens"."numero_serie" AS t0_r3, "bens"."detalhamento" AS t0_r4, "bens"."observacao" AS t0_r5, "bens"."valor" AS t0_r6, "bens"."nota_fiscal" AS t0_r7, "bens"."situacao_id" AS t0_r8, "bens"."centro_custo_id" AS t0_r9, "bens"."setor_id" AS t0_r10, "bens"."colaborador_id" AS t0_r11, "bens"."tipo_bem_id" AS t0_r12, "bens"."created_at" AS t0_r13, "bens"."updated_at" AS t0_r14, "bens"."data_compra" AS t0_r15, "bens"."qtd_disponivel" AS t0_r16, "bens"."grupo_insumo_id" AS t0_r17, "bens"."insumo_id" AS t0_r18, "bens"."estado_conservacao_id" AS t0_r19, "bens"."patrimonio" AS t0_r20, "situacoes"."id" AS t1_r0, "situacoes"."descricao" AS t1_r1, "situacoes"."created_at" AS t1_r2, "situacoes"."updated_at" AS t1_r3, "centro_custos"."id" AS t2_r0, "centro_custos"."descricao" AS t2_r1, "centro_custos"."created_at" AS t2_r2, "centro_custos"."updated_at" AS t2_r3, "setores"."id" AS t3_r0, "setores"."descricao" AS t3_r1, "setores"."created_at" AS t3_r2, "setores"."updated_at" AS t3_r3, "tipo_bens"."id" AS t4_r0, "tipo_bens"."descricao" AS t4_r1, "tipo_bens"."created_at" AS t4_r2, "tipo_bens"."updated_at" AS t4_r3, "grupo_insumos"."id" AS t5_r0, "grupo_insumos"."descricao" AS t5_r1, "grupo_insumos"."created_at" AS t5_r2, "grupo_insumos"."updated_at" AS t5_r3, "insumos"."id" AS t6_r0, "insumos"."descricao" AS t6_r1, "insumos"."grupo_insumo_id" AS t6_r2, "insumos"."created_at" AS t6_r3, "insumos"."updated_at" AS t6_r4, "estado_conservacoes"."id" AS t7_r0, "estado_conservacoes"."descricao" AS t7_r1, "estado_conservacoes"."created_at" AS t7_r2, "estado_conservacoes"."updated_at" AS t7_r3 FROM "bens" LEFT OUTER JOIN "situacoes" ON "situacoes"."id" = "bens"."situacao_id" LEFT OUTER JOIN "centro_custos" ON "centro_custos"."id" = "bens"."centro_custo_id" LEFT OUTER JOIN "setores" ON "setores"."id" = "bens"."setor_id" LEFT OUTER JOIN "tipo_bens" ON "tipo_bens"."id" = "bens"."tipo_bem_id" LEFT OUTER JOIN "grupo_insumos" ON "grupo_insumos"."id" = "bens"."grupo_insumo_id" LEFT OUTER JOIN "insumos" ON "insumos"."id" = "bens"."insumo_id" LEFT OUTER JOIN "estado_conservacoes" ON "estado_conservacoes"."id" = "bens"."estado_conservacao_id"  ORDER BY "bens"."id" asc LIMIT 10 OFFSET 0[0m
  Rendered bens/_grid.html.erb (2171.7ms)
  Rendered bens/index.html.erb within layouts/application (2174.1ms)
  [1m[35mRole Load (132.8ms)[0m  SELECT  "roles".* FROM "roles" WHERE "roles"."id" = $1 LIMIT 1  [["id", 1]]
  Rendered layouts/_menu_top.html.erb (135.8ms)
  [1m[36mSystemVersion Load (139.2ms)[0m  [1mSELECT  "system_versions".* FROM "system_versions"  ORDER BY "system_versions"."id" DESC LIMIT 1[0m
  [1m[35mCACHE (0.0ms)[0m  SELECT  "system_versions".* FROM "system_versions"  ORDER BY "system_versions"."id" DESC LIMIT 1
  Rendered layouts/_rodape.html.erb (141.2ms)
Completed 200 OK in 3076ms (Views: 448.3ms | ActiveRecord: 2618.1ms)


Started GET "/controle_alocacoes" for 127.0.0.1 at 2016-11-30 02:20:57 -0300
Processing by ControleAlocacoesController#index as HTML
  [1m[36mUser Load (132.9ms)[0m  [1mSELECT  "users".* FROM "users" WHERE "users"."id" = $1  ORDER BY "users"."id" ASC LIMIT 1[0m  [["id", 1]]
  [1m[35m (134.6ms)[0m  SELECT COUNT(DISTINCT "controle_alocacoes"."id") FROM "controle_alocacoes" LEFT OUTER JOIN "colaboradores" ON "colaboradores"."id" = "controle_alocacoes"."entregador_id" LEFT OUTER JOIN "colaboradores" "recebedors_controle_alocacoes" ON "recebedors_controle_alocacoes"."id" = "controle_alocacoes"."recebedor_id" LEFT OUTER JOIN "centro_custos" ON "centro_custos"."id" = "controle_alocacoes"."centro_custo_id" LEFT OUTER JOIN "tipo_alocacoes" ON "tipo_alocacoes"."id" = "controle_alocacoes"."tipo_alocacao_id"
  [1m[36mSQL (154.4ms)[0m  [1mSELECT  "controle_alocacoes"."id" AS t0_r0, "controle_alocacoes"."data_transferencia" AS t0_r1, "controle_alocacoes"."entregador_id" AS t0_r2, "controle_alocacoes"."recebedor_id" AS t0_r3, "controle_alocacoes"."centro_custo_id" AS t0_r4, "controle_alocacoes"."tipo_alocacao_id" AS t0_r5, "controle_alocacoes"."endereco" AS t0_r6, "controle_alocacoes"."created_at" AS t0_r7, "controle_alocacoes"."updated_at" AS t0_r8, "colaboradores"."id" AS t1_r0, "colaboradores"."nome" AS t1_r1, "colaboradores"."cpf" AS t1_r2, "colaboradores"."funcao_id" AS t1_r3, "colaboradores"."data_admissao" AS t1_r4, "colaboradores"."data_demissao" AS t1_r5, "colaboradores"."deleted_at" AS t1_r6, "colaboradores"."created_at" AS t1_r7, "colaboradores"."updated_at" AS t1_r8, "colaboradores"."data_nascimento" AS t1_r9, "recebedors_controle_alocacoes"."id" AS t2_r0, "recebedors_controle_alocacoes"."nome" AS t2_r1, "recebedors_controle_alocacoes"."cpf" AS t2_r2, "recebedors_controle_alocacoes"."funcao_id" AS t2_r3, "recebedors_controle_alocacoes"."data_admissao" AS t2_r4, "recebedors_controle_alocacoes"."data_demissao" AS t2_r5, "recebedors_controle_alocacoes"."deleted_at" AS t2_r6, "recebedors_controle_alocacoes"."created_at" AS t2_r7, "recebedors_controle_alocacoes"."updated_at" AS t2_r8, "recebedors_controle_alocacoes"."data_nascimento" AS t2_r9, "centro_custos"."id" AS t3_r0, "centro_custos"."descricao" AS t3_r1, "centro_custos"."created_at" AS t3_r2, "centro_custos"."updated_at" AS t3_r3, "tipo_alocacoes"."id" AS t4_r0, "tipo_alocacoes"."descricao" AS t4_r1, "tipo_alocacoes"."created_at" AS t4_r2, "tipo_alocacoes"."updated_at" AS t4_r3 FROM "controle_alocacoes" LEFT OUTER JOIN "colaboradores" ON "colaboradores"."id" = "controle_alocacoes"."entregador_id" LEFT OUTER JOIN "colaboradores" "recebedors_controle_alocacoes" ON "recebedors_controle_alocacoes"."id" = "controle_alocacoes"."recebedor_id" LEFT OUTER JOIN "centro_custos" ON "centro_custos"."id" = "controle_alocacoes"."centro_custo_id" LEFT OUTER JOIN "tipo_alocacoes" ON "tipo_alocacoes"."id" = "controle_alocacoes"."tipo_alocacao_id"  ORDER BY "controle_alocacoes"."id" asc LIMIT 10 OFFSET 0[0m
  Rendered controle_alocacoes/_grid.html.erb (1024.8ms)
  Rendered controle_alocacoes/index.html.erb within layouts/application (1025.7ms)
  [1m[35mRole Load (132.4ms)[0m  SELECT  "roles".* FROM "roles" WHERE "roles"."id" = $1 LIMIT 1  [["id", 1]]
  Rendered layouts/_menu_top.html.erb (136.0ms)
  [1m[36mSystemVersion Load (134.2ms)[0m  [1mSELECT  "system_versions".* FROM "system_versions"  ORDER BY "system_versions"."id" DESC LIMIT 1[0m
  [1m[35mCACHE (0.0ms)[0m  SELECT  "system_versions".* FROM "system_versions"  ORDER BY "system_versions"."id" DESC LIMIT 1
  Rendered layouts/_rodape.html.erb (136.4ms)
Completed 200 OK in 1892ms (Views: 361.2ms | ActiveRecord: 1522.8ms)


Started GET "/locacoes" for 127.0.0.1 at 2016-11-30 02:21:05 -0300
Processing by LocacoesController#index as HTML
  [1m[36mUser Load (133.7ms)[0m  [1mSELECT  "users".* FROM "users" WHERE "users"."id" = $1  ORDER BY "users"."id" ASC LIMIT 1[0m  [["id", 1]]
  [1m[35m (149.0ms)[0m  SELECT COUNT(DISTINCT "locacoes"."id") FROM "locacoes" LEFT OUTER JOIN "fornecedores" ON "fornecedores"."id" = "locacoes"."fornecedor_id" LEFT OUTER JOIN "prazo_locacoes" ON "prazo_locacoes"."id" = "locacoes"."prazo_locacao_id" LEFT OUTER JOIN "colaboradores" ON "colaboradores"."id" = "locacoes"."funcionario_responsavel_id"
  [1m[36mSQL (144.0ms)[0m  [1mSELECT  "locacoes"."id" AS t0_r0, "locacoes"."fornecedor_id" AS t0_r1, "locacoes"."contrato" AS t0_r2, "locacoes"."prazo_locacao_id" AS t0_r3, "locacoes"."data_locacao" AS t0_r4, "locacoes"."funcionario_responsavel_id" AS t0_r5, "locacoes"."valor_locacao" AS t0_r6, "locacoes"."created_at" AS t0_r7, "locacoes"."updated_at" AS t0_r8, "fornecedores"."id" AS t1_r0, "fornecedores"."razao_social" AS t1_r1, "fornecedores"."nome_fantasia" AS t1_r2, "fornecedores"."telefone" AS t1_r3, "fornecedores"."endereco" AS t1_r4, "fornecedores"."email" AS t1_r5, "fornecedores"."created_at" AS t1_r6, "fornecedores"."updated_at" AS t1_r7, "fornecedores"."cnpj" AS t1_r8, "prazo_locacoes"."id" AS t2_r0, "prazo_locacoes"."qtd_dias" AS t2_r1, "prazo_locacoes"."descricao" AS t2_r2, "prazo_locacoes"."created_at" AS t2_r3, "prazo_locacoes"."updated_at" AS t2_r4, "colaboradores"."id" AS t3_r0, "colaboradores"."nome" AS t3_r1, "colaboradores"."cpf" AS t3_r2, "colaboradores"."funcao_id" AS t3_r3, "colaboradores"."data_admissao" AS t3_r4, "colaboradores"."data_demissao" AS t3_r5, "colaboradores"."deleted_at" AS t3_r6, "colaboradores"."created_at" AS t3_r7, "colaboradores"."updated_at" AS t3_r8, "colaboradores"."data_nascimento" AS t3_r9 FROM "locacoes" LEFT OUTER JOIN "fornecedores" ON "fornecedores"."id" = "locacoes"."fornecedor_id" LEFT OUTER JOIN "prazo_locacoes" ON "prazo_locacoes"."id" = "locacoes"."prazo_locacao_id" LEFT OUTER JOIN "colaboradores" ON "colaboradores"."id" = "locacoes"."funcionario_responsavel_id"  ORDER BY "locacoes"."id" asc LIMIT 10 OFFSET 0[0m
  Rendered locacoes/_grid.html.erb (1004.9ms)
  Rendered locacoes/index.html.erb within layouts/application (1007.0ms)
  [1m[35mRole Load (138.6ms)[0m  SELECT  "roles".* FROM "roles" WHERE "roles"."id" = $1 LIMIT 1  [["id", 1]]
  Rendered layouts/_menu_top.html.erb (141.9ms)
  [1m[36mSystemVersion Load (146.8ms)[0m  [1mSELECT  "system_versions".* FROM "system_versions"  ORDER BY "system_versions"."id" DESC LIMIT 1[0m
  [1m[35mCACHE (0.0ms)[0m  SELECT  "system_versions".* FROM "system_versions"  ORDER BY "system_versions"."id" DESC LIMIT 1
  Rendered layouts/_rodape.html.erb (148.6ms)
Completed 200 OK in 1889ms (Views: 344.5ms | ActiveRecord: 1537.2ms)
